[2022-03-21T11:09:46.558288+00:00] lbs.log.ERROR: POST http://api.events.local:19080/ : bad method - GET wanted [] []
[2022-03-21T12:27:47.012167+00:00] lbs.log.ERROR: POST http://api.events.local:19080/events/ : bad method - GET wanted [] []
[2022-03-21T12:35:28.446683+00:00] lbs.log.ERROR: error ["null must be a string","null must not be empty"] []
[2022-03-21T12:51:15.263030+00:00] lbs.log.ERROR: error ["\"soirée monopoly chez alice\" must contain only letters (a-z) and digits (0-9)"] []
[2022-03-21T12:51:28.832291+00:00] lbs.log.ERROR: error ["\"soirée monopoly chez alice\" must contain only letters (a-z) and digits (0-9)"] []
[2022-03-21T12:52:06.445412+00:00] lbs.log.ERROR: error ["\"2Ter Bd Charlemagne, 54000 Nancy\" must contain only letters (a-z) and digits (0-9)"] []
[2022-03-21T12:52:16.169838+00:00] lbs.log.ERROR: error ["\"2Ter Bd Charlemagne, 54000 Nancy\" must contain only letters (a-z) and digits (0-9)"] []
[2022-03-21T12:52:31.213503+00:00] lbs.log.ERROR: error ["\"2Ter Bd Charlemagne, 54000 Nancy\" must contain only letters (a-z) and digits (0-9)"] []
[2022-03-21T12:53:00.509547+00:00] lbs.log.ERROR: error ["null must contain only letters (a-z) and digits (0-9)","null must be a string","null must not be empty"] []
[2022-03-21T12:53:04.291761+00:00] lbs.log.ERROR: error ["\"2Ter Bd Charlemagne, 54000 Nancy\" must contain only letters (a-z) and digits (0-9)"] []
[2022-03-21T12:53:16.488364+00:00] lbs.log.ERROR: error ["\"2Ter Bd Charlemagne, 54000 Nancy\" must contain only letters (a-z) and digits (0-9)"] []
[2022-03-21T12:53:43.070709+00:00] lbs.log.ERROR: error ["null must contain only letters (a-z) and digits (0-9)","null must have a length between 1 and 36"] []
[2022-03-21T12:54:28.171868+00:00] lbs.log.ERROR: error ["null must contain only letters (a-z) and digits (0-9)","null must be a string","null must not be empty"] []
[2022-03-21T12:55:00.292818+00:00] lbs.log.ERROR: error ["null must be a string","null must not be empty"] []
[2022-03-21T12:55:06.777427+00:00] lbs.log.ERROR: error | 500 | Return value of reu\events\app\controller\EventController::insertEvent() must implement interface Psr\Http\Message\ResponseInterface, none returned | /var/www/src/app/controller/EventController.phpline: 86 [] []
[2022-03-21T12:56:10.456515+00:00] lbs.log.ERROR: error ["null must have a length between 1 and 36"] []
[2022-03-21T13:15:44.775749+00:00] lbs.log.ERROR: GET http://api.events.local:19080/events/ : bad method - POST wanted [] []
[2022-03-21T13:35:26.766784+00:00] lbs.log.ERROR: error: invalid input ["null must be a valid date. Sample format: \"30-12-2005\"","null must be greater than or equal to \"now\""] []
[2022-03-21T13:43:09.684103+00:00] lbs.log.ERROR: unkown event [] []
[2022-03-21T13:43:40.160531+00:00] lbs.log.ERROR: Missing token in event route [] []
[2022-03-21T13:49:31.271320+00:00] lbs.log.ERROR: POST http://api.events.local:19080/events/b003100b-1d95-4734-8982-b40f498c4e68/?token=3cbfc34b314b9342068010e5049877bd7de5d228910816e32e5a239e25bd3886 : bad method - GET wanted [] []
[2022-03-21T14:10:07.991436+00:00] lbs.log.ERROR: PUT http://api.events.local:19080/events/b003100b-1d95-4734-8982-b40f498c4e68/?token=3cbfc34b314b9342068010e5049877bd7de5d228910816e32e5a239e25bd3886 : bad method - GET wanted [] []
[2022-03-21T14:15:18.886427+00:00] lbs.log.ERROR: error | 500 | Argument 1 passed to reu\events\app\errors\Writer::json_output() must implement interface Psr\Http\Message\ResponseInterface, instance of reu\events\app\models\Event given, called in /var/www/src/app/controller/EventController.php on line 200 | /var/www/src/app/errors/Writer.phpline: 30 [] []
[2022-03-21T14:15:41.219100+00:00] lbs.log.ERROR: error | 500 | Argument 1 passed to reu\events\app\errors\Writer::json_output() must implement interface Psr\Http\Message\ResponseInterface, instance of reu\events\app\models\Event given, called in /var/www/src/app/controller/EventController.php on line 202 | /var/www/src/app/errors/Writer.phpline: 30 [] []
[2022-03-21T14:23:10.372451+00:00] lbs.log.ERROR: error: invalid input ["\"\" must not be empty"] []
[2022-03-21T14:33:33.320823+00:00] lbs.log.ERROR: Missing token in event route [] []
[2022-03-21T14:34:26.126341+00:00] lbs.log.ERROR: Missing token in event route [] []
[2022-03-21T15:29:11.134156+00:00] lbs.log.ERROR: DELETE http://api.events.local:19080/events/b003100b-1d95-4734-8982-b40f498c4e68/ : bad method - GET, PUT wanted [] []
[2022-03-21T15:37:21.645624+00:00] lbs.log.ERROR: error: invalid input ["\"06-03-2021\" must be greater than or equal to \"now\""] []
