[2022-03-21T15:37:08.358474+00:00] lbs.log.ERROR: error | 500 | Call to a member function delete() on null | /var/www/src/app/controller/BackofficeController.phpline: 30 [] []
[2022-03-21T15:40:56.482357+00:00] lbs.log.ERROR: Missing token in event route [] []
[2022-03-21T15:41:33.419870+00:00] lbs.log.ERROR: Invalid token in event route(kjrguozrhbgkj) ["96603a7faea78fc092ec78874decb3706f8f5700c392cc53c09d868e3ae6c9d0"] []
[2022-03-21T15:42:56.923915+00:00] lbs.log.ERROR: unkown event [] []
[2022-03-21T15:52:23.320999+00:00] lbs.log.ERROR: Invalid token in event route(5e4932fd44522687028f26d900fcaebcf54df2b15201084dd6267d0d20c034da) ["3c6b3066e244e42b9666d70af9a9f78a367e31fbf71f198c250a86fb4a4489ba"] []
[2022-03-21T15:54:42.528527+00:00] lbs.log.ERROR: unkown event [] []
[2022-03-21T16:10:25.732771+00:00] lbs.log.ERROR: Invalid token in event route(063a2f2e0cf53296a4134f6813bc71d4a94330efd30d53706383e1f7d3c5d29e) ["0368a75a18081ebf377060ad88caef2980e453ca694e2bc0465361e0e3b72666"] []
[2022-03-21T16:11:13.402165+00:00] lbs.log.ERROR: unkown event [] []
[2022-03-21T16:32:50.278422+00:00] lbs.log.ERROR: Invalid token in event route(1f907e620e0552a7708b53348878a926debb04b0da28f004e24d911114f90ab7	) ["1f907e620e0552a7708b53348878a926debb04b0da28f004e24d911114f90ab7"] []
[2022-03-21T16:33:40.330693+00:00] lbs.log.ERROR: Invalid token in event route(1f907e620e0552a7708b53348878a926debb04b0da28f004e24d911114f90ab7	) ["1f907e620e0552a7708b53348878a926debb04b0da28f004e24d911114f90ab7"] []
[2022-03-21T16:33:48.023224+00:00] lbs.log.ERROR: Invalid token in event route(1f907e620e0552a7708b53348878a926debb04b0da28f004e24d911114f90ab7	) ["1f907e620e0552a7708b53348878a926debb04b0da28f004e24d911114f90ab7"] []
[2022-03-21T16:39:06.462271+00:00] lbs.log.ERROR: error | 500 | Call to a member function format() on bool | /var/www/src/app/controller/BackofficeController.phpline: 36 [] []
[2022-03-21T23:51:11.230289+00:00] lbs.log.ERROR: error | 500 | Call to a member function format() on bool | /var/www/src/app/controller/BackofficeController.phpline: 37 [] []
[2022-03-21T23:52:21.116575+00:00] lbs.log.ERROR: error | 500 | Call to a member function format() on bool | /var/www/src/app/controller/BackofficeController.phpline: 37 [] []
[2022-03-21T23:56:56.330423+00:00] lbs.log.ERROR: unkown event [] []
[2022-03-22T08:24:22.136665+00:00] lbs.log.ERROR: unkown event [] []
[2022-03-22T08:25:12.944350+00:00] lbs.log.ERROR: unkown event [] []
[2022-03-22T08:25:15.789501+00:00] lbs.log.ERROR: unkown event [] []
[2022-03-22T08:29:13.583005+00:00] lbs.log.ERROR: error | 500 | syntax error, unexpected '$response' (T_VARIABLE) | /var/www/src/app/controller/BackofficeController.phpline: 43 [] []
[2022-03-22T08:29:32.928721+00:00] lbs.log.ERROR: error | 500 | Call to a member function format() on bool | /var/www/src/app/controller/BackofficeController.phpline: 37 [] []
[2022-03-22T08:32:50.517203+00:00] lbs.log.ERROR: error | 500 | Call to undefined function reu\backoffice\app\controller\Parse() | /var/www/src/app/controller/BackofficeController.phpline: 34 [] []
[2022-03-22T08:34:24.719227+00:00] lbs.log.ERROR: error | 500 | Call to undefined function reu\backoffice\app\controller\Parse() | /var/www/src/app/controller/BackofficeController.phpline: 34 [] []
[2022-03-22T08:35:56.517318+00:00] lbs.log.ERROR: error | 500 | syntax error, unexpected '$parsedDate2' (T_VARIABLE) | /var/www/src/app/controller/BackofficeController.phpline: 35 [] []
[2022-03-22T08:36:21.139977+00:00] lbs.log.ERROR: error | 500 | syntax error, unexpected '$parsedDate2' (T_VARIABLE) | /var/www/src/app/controller/BackofficeController.phpline: 35 [] []
[2022-03-22T08:36:45.269557+00:00] lbs.log.ERROR: error | 500 | syntax error, unexpected '$parsedDate2' (T_VARIABLE) | /var/www/src/app/controller/BackofficeController.phpline: 35 [] []
[2022-03-22T08:41:27.517065+00:00] lbs.log.ERROR: error | 500 | Call to a member function format() on bool | /var/www/src/app/controller/BackofficeController.phpline: 37 [] []
[2022-03-22T08:50:12.269566+00:00] lbs.log.ERROR: unkown event [] []
[2022-03-22T08:55:16.763770+00:00] lbs.log.ERROR: unkown event [] []
[2022-03-22T09:09:55.312547+00:00] lbs.log.ERROR: Missing token in event route [] []
